npm warn Unknown env config "devdir". This will stop working in the next major version of npm.

> fleetguard-backend@1.0.0 dev
> nodemon server.js

[33m[nodemon] 3.1.14[39m
[33m[nodemon] to restart at any time, enter `rs`[39m
[33m[nodemon] watching path(s): *.*[39m
[33m[nodemon] watching extensions: js,mjs,cjs,json[39m
[32m[nodemon] starting `node server.js`[39m
FleetGuard API running → http://localhost:3001
[0mGET /api/health [32m200[0m 2.205 ms - 60[0m
[0mGET /api/health [32m200[0m 2.109 ms - 60[0m
[0mGET /api/health [32m200[0m 2.811 ms - 60[0m
[0mGET /api/health [32m200[0m 0.258 ms - 60[0m
[32m[nodemon] restarting due to changes...[39m
[32m[nodemon] restarting due to changes...[39m
[32m[nodemon] starting `node server.js`[39m
FleetGuard API running → http://localhost:3001
[32m[nodemon] restarting due to changes...[39m
[32m[nodemon] restarting due to changes...[39m
[32m[nodemon] starting `node server.js`[39m
node:internal/modules/cjs/loader:1459
  throw err;
  ^

Error: Cannot find module 'pdfkit'
Require stack:
- /Users/bethmij/Downloads/FleetGuard AI Design Brief/backend/src/controllers/inspections.controller.js
- /Users/bethmij/Downloads/FleetGuard AI Design Brief/backend/src/routes/inspections.routes.js
- /Users/bethmij/Downloads/FleetGuard AI Design Brief/backend/src/app.js
- /Users/bethmij/Downloads/FleetGuard AI Design Brief/backend/server.js
    at Module._resolveFilename (node:internal/modules/cjs/loader:1456:15)
    at defaultResolveImpl (node:internal/modules/cjs/loader:1066:19)
    at resolveForCJSWithHooks (node:internal/modules/cjs/loader:1071:22)
    at Module._load (node:internal/modules/cjs/loader:1242:25)
    at wrapModuleLoad (node:internal/modules/cjs/loader:255:19)
    at Module.require (node:internal/modules/cjs/loader:1556:12)
    at require (node:internal/modules/helpers:152:16)
    at Object.<anonymous> (/Users/bethmij/Downloads/FleetGuard AI Design Brief/backend/src/controllers/inspections.controller.js:4:21)
    at Module._compile (node:internal/modules/cjs/loader:1812:14)
    at Object..js (node:internal/modules/cjs/loader:1943:10) {
  code: 'MODULE_NOT_FOUND',
  requireStack: [
    '/Users/bethmij/Downloads/FleetGuard AI Design Brief/backend/src/controllers/inspections.controller.js',
    '/Users/bethmij/Downloads/FleetGuard AI Design Brief/backend/src/routes/inspections.routes.js',
    '/Users/bethmij/Downloads/FleetGuard AI Design Brief/backend/src/app.js',
    '/Users/bethmij/Downloads/FleetGuard AI Design Brief/backend/server.js'
  ]
}

Node.js v24.14.0
[31m[nodemon] app crashed - waiting for file changes before starting...[39m
[32m[nodemon] restarting due to changes...[39m
[32m[nodemon] starting `node server.js`[39m
node:internal/modules/cjs/loader:1459
  throw err;
  ^

Error: Cannot find module 'pdfkit'
Require stack:
- /Users/bethmij/Downloads/FleetGuard AI Design Brief/backend/src/controllers/inspections.controller.js
- /Users/bethmij/Downloads/FleetGuard AI Design Brief/backend/src/routes/inspections.routes.js
- /Users/bethmij/Downloads/FleetGuard AI Design Brief/backend/src/app.js
- /Users/bethmij/Downloads/FleetGuard AI Design Brief/backend/server.js
    at Module._resolveFilename (node:internal/modules/cjs/loader:1456:15)
    at defaultResolveImpl (node:internal/modules/cjs/loader:1066:19)
    at resolveForCJSWithHooks (node:internal/modules/cjs/loader:1071:22)
    at Module._load (node:internal/modules/cjs/loader:1242:25)
    at wrapModuleLoad (node:internal/modules/cjs/loader:255:19)
    at Module.require (node:internal/modules/cjs/loader:1556:12)
    at require (node:internal/modules/helpers:152:16)
    at Object.<anonymous> (/Users/bethmij/Downloads/FleetGuard AI Design Brief/backend/src/controllers/inspections.controller.js:4:21)
    at Module._compile (node:internal/modules/cjs/loader:1812:14)
    at Object..js (node:internal/modules/cjs/loader:1943:10) {
  code: 'MODULE_NOT_FOUND',
  requireStack: [
    '/Users/bethmij/Downloads/FleetGuard AI Design Brief/backend/src/controllers/inspections.controller.js',
    '/Users/bethmij/Downloads/FleetGuard AI Design Brief/backend/src/routes/inspections.routes.js',
    '/Users/bethmij/Downloads/FleetGuard AI Design Brief/backend/src/app.js',
    '/Users/bethmij/Downloads/FleetGuard AI Design Brief/backend/server.js'
  ]
}

Node.js v24.14.0
[31m[nodemon] app crashed - waiting for file changes before starting...[39m
[32m[nodemon] restarting due to changes...[39m
[32m[nodemon] starting `node server.js`[39m
[32m[nodemon] restarting due to changes...[39m
[32m[nodemon] starting `node server.js`[39m
node:internal/modules/cjs/loader:1459
  throw err;
  ^

Error: Cannot find module 'pdfkit'
Require stack:
- /Users/bethmij/Downloads/FleetGuard AI Design Brief/backend/src/controllers/inspections.controller.js
- /Users/bethmij/Downloads/FleetGuard AI Design Brief/backend/src/routes/inspections.routes.js
- /Users/bethmij/Downloads/FleetGuard AI Design Brief/backend/src/app.js
- /Users/bethmij/Downloads/FleetGuard AI Design Brief/backend/server.js
    at Module._resolveFilename (node:internal/modules/cjs/loader:1456:15)
    at defaultResolveImpl (node:internal/modules/cjs/loader:1066:19)
    at resolveForCJSWithHooks (node:internal/modules/cjs/loader:1071:22)
    at Module._load (node:internal/modules/cjs/loader:1242:25)
    at wrapModuleLoad (node:internal/modules/cjs/loader:255:19)
    at Module.require (node:internal/modules/cjs/loader:1556:12)
    at require (node:internal/modules/helpers:152:16)
    at Object.<anonymous> (/Users/bethmij/Downloads/FleetGuard AI Design Brief/backend/src/controllers/inspections.controller.js:4:21)
    at Module._compile (node:internal/modules/cjs/loader:1812:14)
    at Object..js (node:internal/modules/cjs/loader:1943:10) {
  code: 'MODULE_NOT_FOUND',
  requireStack: [
    '/Users/bethmij/Downloads/FleetGuard AI Design Brief/backend/src/controllers/inspections.controller.js',
    '/Users/bethmij/Downloads/FleetGuard AI Design Brief/backend/src/routes/inspections.routes.js',
    '/Users/bethmij/Downloads/FleetGuard AI Design Brief/backend/src/app.js',
    '/Users/bethmij/Downloads/FleetGuard AI Design Brief/backend/server.js'
  ]
}

Node.js v24.14.0
[31m[nodemon] app crashed - waiting for file changes before starting...[39m
[32m[nodemon] restarting due to changes...[39m
[32m[nodemon] starting `node server.js`[39m
[32m[nodemon] restarting due to changes...[39m
[32m[nodemon] starting `node server.js`[39m
node:internal/modules/cjs/loader:1459
  throw err;
  ^

Error: Cannot find module 'pdfkit'
Require stack:
- /Users/bethmij/Downloads/FleetGuard AI Design Brief/backend/src/controllers/inspections.controller.js
- /Users/bethmij/Downloads/FleetGuard AI Design Brief/backend/src/routes/inspections.routes.js
- /Users/bethmij/Downloads/FleetGuard AI Design Brief/backend/src/app.js
- /Users/bethmij/Downloads/FleetGuard AI Design Brief/backend/server.js
    at Module._resolveFilename (node:internal/modules/cjs/loader:1456:15)
    at defaultResolveImpl (node:internal/modules/cjs/loader:1066:19)
    at resolveForCJSWithHooks (node:internal/modules/cjs/loader:1071:22)
    at Module._load (node:internal/modules/cjs/loader:1242:25)
    at wrapModuleLoad (node:internal/modules/cjs/loader:255:19)
    at Module.require (node:internal/modules/cjs/loader:1556:12)
    at require (node:internal/modules/helpers:152:16)
    at Object.<anonymous> (/Users/bethmij/Downloads/FleetGuard AI Design Brief/backend/src/controllers/inspections.controller.js:4:21)
    at Module._compile (node:internal/modules/cjs/loader:1812:14)
    at Object..js (node:internal/modules/cjs/loader:1943:10) {
  code: 'MODULE_NOT_FOUND',
  requireStack: [
    '/Users/bethmij/Downloads/FleetGuard AI Design Brief/backend/src/controllers/inspections.controller.js',
    '/Users/bethmij/Downloads/FleetGuard AI Design Brief/backend/src/routes/inspections.routes.js',
    '/Users/bethmij/Downloads/FleetGuard AI Design Brief/backend/src/app.js',
    '/Users/bethmij/Downloads/FleetGuard AI Design Brief/backend/server.js'
  ]
}

Node.js v24.14.0
[31m[nodemon] app crashed - waiting for file changes before starting...[39m
[32m[nodemon] restarting due to changes...[39m
[32m[nodemon] starting `node server.js`[39m
[32m[nodemon] restarting due to changes...[39m
[32m[nodemon] starting `node server.js`[39m
node:internal/modules/cjs/loader:1459
  throw err;
  ^

Error: Cannot find module 'pdfkit'
Require stack:
- /Users/bethmij/Downloads/FleetGuard AI Design Brief/backend/src/controllers/inspections.controller.js
- /Users/bethmij/Downloads/FleetGuard AI Design Brief/backend/src/routes/inspections.routes.js
- /Users/bethmij/Downloads/FleetGuard AI Design Brief/backend/src/app.js
- /Users/bethmij/Downloads/FleetGuard AI Design Brief/backend/server.js
    at Module._resolveFilename (node:internal/modules/cjs/loader:1456:15)
    at defaultResolveImpl (node:internal/modules/cjs/loader:1066:19)
    at resolveForCJSWithHooks (node:internal/modules/cjs/loader:1071:22)
    at Module._load (node:internal/modules/cjs/loader:1242:25)
    at wrapModuleLoad (node:internal/modules/cjs/loader:255:19)
    at Module.require (node:internal/modules/cjs/loader:1556:12)
    at require (node:internal/modules/helpers:152:16)
    at Object.<anonymous> (/Users/bethmij/Downloads/FleetGuard AI Design Brief/backend/src/controllers/inspections.controller.js:4:21)
    at Module._compile (node:internal/modules/cjs/loader:1812:14)
    at Object..js (node:internal/modules/cjs/loader:1943:10) {
  code: 'MODULE_NOT_FOUND',
  requireStack: [
    '/Users/bethmij/Downloads/FleetGuard AI Design Brief/backend/src/controllers/inspections.controller.js',
    '/Users/bethmij/Downloads/FleetGuard AI Design Brief/backend/src/routes/inspections.routes.js',
    '/Users/bethmij/Downloads/FleetGuard AI Design Brief/backend/src/app.js',
    '/Users/bethmij/Downloads/FleetGuard AI Design Brief/backend/server.js'
  ]
}

Node.js v24.14.0
[31m[nodemon] app crashed - waiting for file changes before starting...[39m
[32m[nodemon] restarting due to changes...[39m
[32m[nodemon] starting `node server.js`[39m
[32m[nodemon] restarting due to changes...[39m
[32m[nodemon] starting `node server.js`[39m
node:internal/modules/cjs/loader:1459
  throw err;
  ^

Error: Cannot find module 'pdfkit'
Require stack:
- /Users/bethmij/Downloads/FleetGuard AI Design Brief/backend/src/controllers/inspections.controller.js
- /Users/bethmij/Downloads/FleetGuard AI Design Brief/backend/src/routes/inspections.routes.js
- /Users/bethmij/Downloads/FleetGuard AI Design Brief/backend/src/app.js
- /Users/bethmij/Downloads/FleetGuard AI Design Brief/backend/server.js
    at Module._resolveFilename (node:internal/modules/cjs/loader:1456:15)
    at defaultResolveImpl (node:internal/modules/cjs/loader:1066:19)
    at resolveForCJSWithHooks (node:internal/modules/cjs/loader:1071:22)
    at Module._load (node:internal/modules/cjs/loader:1242:25)
    at wrapModuleLoad (node:internal/modules/cjs/loader:255:19)
    at Module.require (node:internal/modules/cjs/loader:1556:12)
    at require (node:internal/modules/helpers:152:16)
    at Object.<anonymous> (/Users/bethmij/Downloads/FleetGuard AI Design Brief/backend/src/controllers/inspections.controller.js:4:21)
    at Module._compile (node:internal/modules/cjs/loader:1812:14)
    at Object..js (node:internal/modules/cjs/loader:1943:10) {
  code: 'MODULE_NOT_FOUND',
  requireStack: [
    '/Users/bethmij/Downloads/FleetGuard AI Design Brief/backend/src/controllers/inspections.controller.js',
    '/Users/bethmij/Downloads/FleetGuard AI Design Brief/backend/src/routes/inspections.routes.js',
    '/Users/bethmij/Downloads/FleetGuard AI Design Brief/backend/src/app.js',
    '/Users/bethmij/Downloads/FleetGuard AI Design Brief/backend/server.js'
  ]
}

Node.js v24.14.0
[31m[nodemon] app crashed - waiting for file changes before starting...[39m
[32m[nodemon] restarting due to changes...[39m
[32m[nodemon] starting `node server.js`[39m
[32m[nodemon] restarting due to changes...[39m
[32m[nodemon] starting `node server.js`[39m
[32m[nodemon] restarting due to changes...[39m
[32m[nodemon] starting `node server.js`[39m
node:internal/modules/cjs/loader:1459
  throw err;
  ^

Error: Cannot find module 'pdfkit'
Require stack:
- /Users/bethmij/Downloads/FleetGuard AI Design Brief/backend/src/controllers/inspections.controller.js
- /Users/bethmij/Downloads/FleetGuard AI Design Brief/backend/src/routes/inspections.routes.js
- /Users/bethmij/Downloads/FleetGuard AI Design Brief/backend/src/app.js
- /Users/bethmij/Downloads/FleetGuard AI Design Brief/backend/server.js
    at Module._resolveFilename (node:internal/modules/cjs/loader:1456:15)
    at defaultResolveImpl (node:internal/modules/cjs/loader:1066:19)
    at resolveForCJSWithHooks (node:internal/modules/cjs/loader:1071:22)
    at Module._load (node:internal/modules/cjs/loader:1242:25)
    at wrapModuleLoad (node:internal/modules/cjs/loader:255:19)
    at Module.require (node:internal/modules/cjs/loader:1556:12)
    at require (node:internal/modules/helpers:152:16)
    at Object.<anonymous> (/Users/bethmij/Downloads/FleetGuard AI Design Brief/backend/src/controllers/inspections.controller.js:4:21)
    at Module._compile (node:internal/modules/cjs/loader:1812:14)
    at Object..js (node:internal/modules/cjs/loader:1943:10) {
  code: 'MODULE_NOT_FOUND',
  requireStack: [
    '/Users/bethmij/Downloads/FleetGuard AI Design Brief/backend/src/controllers/inspections.controller.js',
    '/Users/bethmij/Downloads/FleetGuard AI Design Brief/backend/src/routes/inspections.routes.js',
    '/Users/bethmij/Downloads/FleetGuard AI Design Brief/backend/src/app.js',
    '/Users/bethmij/Downloads/FleetGuard AI Design Brief/backend/server.js'
  ]
}

Node.js v24.14.0
[31m[nodemon] app crashed - waiting for file changes before starting...[39m
[32m[nodemon] restarting due to changes...[39m
[32m[nodemon] starting `node server.js`[39m
[32m[nodemon] restarting due to changes...[39m
[32m[nodemon] starting `node server.js`[39m
node:internal/modules/cjs/loader:1459
  throw err;
  ^

Error: Cannot find module 'pdfkit'
Require stack:
- /Users/bethmij/Downloads/FleetGuard AI Design Brief/backend/src/controllers/inspections.controller.js
- /Users/bethmij/Downloads/FleetGuard AI Design Brief/backend/src/routes/inspections.routes.js
- /Users/bethmij/Downloads/FleetGuard AI Design Brief/backend/src/app.js
- /Users/bethmij/Downloads/FleetGuard AI Design Brief/backend/server.js
    at Module._resolveFilename (node:internal/modules/cjs/loader:1456:15)
    at defaultResolveImpl (node:internal/modules/cjs/loader:1066:19)
    at resolveForCJSWithHooks (node:internal/modules/cjs/loader:1071:22)
    at Module._load (node:internal/modules/cjs/loader:1242:25)
    at wrapModuleLoad (node:internal/modules/cjs/loader:255:19)
    at Module.require (node:internal/modules/cjs/loader:1556:12)
    at require (node:internal/modules/helpers:152:16)
    at Object.<anonymous> (/Users/bethmij/Downloads/FleetGuard AI Design Brief/backend/src/controllers/inspections.controller.js:4:21)
    at Module._compile (node:internal/modules/cjs/loader:1812:14)
    at Object..js (node:internal/modules/cjs/loader:1943:10) {
  code: 'MODULE_NOT_FOUND',
  requireStack: [
    '/Users/bethmij/Downloads/FleetGuard AI Design Brief/backend/src/controllers/inspections.controller.js',
    '/Users/bethmij/Downloads/FleetGuard AI Design Brief/backend/src/routes/inspections.routes.js',
    '/Users/bethmij/Downloads/FleetGuard AI Design Brief/backend/src/app.js',
    '/Users/bethmij/Downloads/FleetGuard AI Design Brief/backend/server.js'
  ]
}

Node.js v24.14.0
[31m[nodemon] app crashed - waiting for file changes before starting...[39m
[32m[nodemon] restarting due to changes...[39m
[32m[nodemon] starting `node server.js`[39m
node:internal/modules/cjs/loader:1459
  throw err;
  ^

Error: Cannot find module 'pdfkit'
Require stack:
- /Users/bethmij/Downloads/FleetGuard AI Design Brief/backend/src/controllers/inspections.controller.js
- /Users/bethmij/Downloads/FleetGuard AI Design Brief/backend/src/routes/inspections.routes.js
- /Users/bethmij/Downloads/FleetGuard AI Design Brief/backend/src/app.js
- /Users/bethmij/Downloads/FleetGuard AI Design Brief/backend/server.js
    at Module._resolveFilename (node:internal/modules/cjs/loader:1456:15)
    at defaultResolveImpl (node:internal/modules/cjs/loader:1066:19)
    at resolveForCJSWithHooks (node:internal/modules/cjs/loader:1071:22)
    at Module._load (node:internal/modules/cjs/loader:1242:25)
    at wrapModuleLoad (node:internal/modules/cjs/loader:255:19)
    at Module.require (node:internal/modules/cjs/loader:1556:12)
    at require (node:internal/modules/helpers:152:16)
    at Object.<anonymous> (/Users/bethmij/Downloads/FleetGuard AI Design Brief/backend/src/controllers/inspections.controller.js:4:21)
    at Module._compile (node:internal/modules/cjs/loader:1812:14)
    at Object..js (node:internal/modules/cjs/loader:1943:10) {
  code: 'MODULE_NOT_FOUND',
  requireStack: [
    '/Users/bethmij/Downloads/FleetGuard AI Design Brief/backend/src/controllers/inspections.controller.js',
    '/Users/bethmij/Downloads/FleetGuard AI Design Brief/backend/src/routes/inspections.routes.js',
    '/Users/bethmij/Downloads/FleetGuard AI Design Brief/backend/src/app.js',
    '/Users/bethmij/Downloads/FleetGuard AI Design Brief/backend/server.js'
  ]
}

Node.js v24.14.0
[31m[nodemon] app crashed - waiting for file changes before starting...[39m
[32m[nodemon] restarting due to changes...[39m
[32m[nodemon] starting `node server.js`[39m
node:internal/modules/cjs/loader:1459
  throw err;
  ^

Error: Cannot find module 'pdfkit'
Require stack:
- /Users/bethmij/Downloads/FleetGuard AI Design Brief/backend/src/controllers/inspections.controller.js
- /Users/bethmij/Downloads/FleetGuard AI Design Brief/backend/src/routes/inspections.routes.js
- /Users/bethmij/Downloads/FleetGuard AI Design Brief/backend/src/app.js
- /Users/bethmij/Downloads/FleetGuard AI Design Brief/backend/server.js
    at Module._resolveFilename (node:internal/modules/cjs/loader:1456:15)
    at defaultResolveImpl (node:internal/modules/cjs/loader:1066:19)
    at resolveForCJSWithHooks (node:internal/modules/cjs/loader:1071:22)
    at Module._load (node:internal/modules/cjs/loader:1242:25)
    at wrapModuleLoad (node:internal/modules/cjs/loader:255:19)
    at Module.require (node:internal/modules/cjs/loader:1556:12)
    at require (node:internal/modules/helpers:152:16)
    at Object.<anonymous> (/Users/bethmij/Downloads/FleetGuard AI Design Brief/backend/src/controllers/inspections.controller.js:4:21)
    at Module._compile (node:internal/modules/cjs/loader:1812:14)
    at Object..js (node:internal/modules/cjs/loader:1943:10) {
  code: 'MODULE_NOT_FOUND',
  requireStack: [
    '/Users/bethmij/Downloads/FleetGuard AI Design Brief/backend/src/controllers/inspections.controller.js',
    '/Users/bethmij/Downloads/FleetGuard AI Design Brief/backend/src/routes/inspections.routes.js',
    '/Users/bethmij/Downloads/FleetGuard AI Design Brief/backend/src/app.js',
    '/Users/bethmij/Downloads/FleetGuard AI Design Brief/backend/server.js'
  ]
}

Node.js v24.14.0
[31m[nodemon] app crashed - waiting for file changes before starting...[39m
